<?xml version="1.0" encoding="utf-8" standalone="no"?>
<!--This file represents the results of running a test suite-->
<test-results name="C:\Users\bbdnet0518\Documents\GitHub\vodatest\bin\Debug\TestProj.dll" total="25" errors="4" failures="0" not-run="0" inconclusive="0" ignored="0" skipped="0" invalid="0" date="2014-11-26" time="11:05:55">
  <environment nunit-version="2.6.3.13283" clr-version="2.0.50727.8009" os-version="Microsoft Windows NT 6.2.9200.0" platform="Win32NT" cwd="C:\Program Files (x86)\NUnit 2.6.3\bin" machine-name="TONYVDL" user="bbdnet0518" user-domain="BBDNET" />
  <culture-info current-culture="en-ZA" current-uiculture="en-US" />
  <test-suite type="Assembly" name="C:\Users\bbdnet0518\Documents\GitHub\vodatest\bin\Debug\TestProj.dll" executed="True" result="Failure" success="False" time="120.504" asserts="0">
    <results>
      <test-suite type="Namespace" name="TestProj" executed="True" result="Failure" success="False" time="120.483" asserts="0">
        <results>
          <test-suite type="Namespace" name="Tests" executed="True" result="Failure" success="False" time="120.483" asserts="0">
            <results>
              <test-suite type="Namespace" name="AccessingApplication" executed="True" result="Success" success="True" time="53.252" asserts="0">
                <results>
                  <test-suite type="TestFixture" name="AccessingApplication" description="AccessingApplication" executed="True" result="Success" success="True" time="53.249" asserts="0">
                    <categories>
                      <category name="AccessingApplication" />
                    </categories>
                    <results>
                      <test-case name="TestProj.Tests.AccessingApplication.AccessingApplication.AccessApplicationWithSingleSpaza" description="AccessApplicationWithSingleSpaza" executed="True" result="Success" success="True" time="30.021" asserts="0">
                        <properties>
                          <property name="Repeat" value="1" />
                        </properties>
                      </test-case>
                      <test-case name="TestProj.Tests.AccessingApplication.AccessingApplication.ActivationLandingPage" description="ActivationLandingPage" executed="True" result="Success" success="True" time="0.003" asserts="0">
                        <properties>
                          <property name="Repeat" value="1" />
                        </properties>
                      </test-case>
                      <test-case name="TestProj.Tests.AccessingApplication.AccessingApplication.ApplicationFieldValidation" description="ApplicationFieldValidation" executed="True" result="Success" success="True" time="0.001" asserts="0">
                        <properties>
                          <property name="Repeat" value="1" />
                        </properties>
                      </test-case>
                      <test-case name="TestProj.Tests.AccessingApplication.AccessingApplication.ApplicationLandingContentsFunctionality" description="ApplicationLandingContentsFunctionality" executed="True" result="Success" success="True" time="0.001" asserts="0">
                        <properties>
                          <property name="Repeat" value="1" />
                        </properties>
                      </test-case>
                      <test-case name="TestProj.Tests.AccessingApplication.AccessingApplication.ApplicationWithMultipleSpazas" description="ApplicationWithMultipleSpazas" executed="True" result="Success" success="True" time="0.001" asserts="0">
                        <properties>
                          <property name="Repeat" value="1" />
                        </properties>
                      </test-case>
                    </results>
                  </test-suite>
                </results>
              </test-suite>
              <test-suite type="Namespace" name="Activation" executed="True" result="Failure" success="False" time="47.264" asserts="0">
                <results>
                  <test-suite type="TestFixture" name="Activation" description="Activation" executed="True" result="Failure" success="False" time="47.263" asserts="0">
                    <categories>
                      <category name="Activation" />
                    </categories>
                    <results>
                      <test-case name="TestProj.Tests.Activation.Activation.ActivationFormCorrectUserDetails" description="ActivationFormCorrectUserDetails" executed="True" result="Error" success="False" time="16.104" asserts="0">
                        <properties>
                          <property name="Repeat" value="1" />
                        </properties>
                        <failure>
                          <message><![CDATA[FluentAutomation.Exceptions.FluentException : Conditional wait passed the timeout [5000ms] for expression [ => Invoke(value(FluentAutomation.BaseCommandProvider+<>c__DisplayClass0).action)]. See InnerException for details of the last FluentException thrown.
  ----> FluentAutomation.Exceptions.FluentAssertFailedException : Expected URL to match [http://aspnet.dev.afrigis.co.za/bopapp/#/activation-verifyuser] but it was actually [http://aspnet.dev.afrigis.co.za/bopapp/#/activation].]]></message>
                          <stack-trace><![CDATA[at DynamicModule.ns.Wrapped_IActivationActions_e2c181725173461c9f60ae03b6eec1a4.ValidateOTPStart(Browser browserInstance, ElementProxy msisdn)
at TestProj.Tests.Activation.Activation.ActivationFormCorrectUserDetails() in c:\Users\bbdnet0518\Documents\GitHub\vodatest\Tests\Activation\Activation.cs:line 133
--FluentAssertFailedException
at FluentAutomation.AssertProvider.ReportError(String message, Object[] formatParams)
at FluentAutomation.AssertProvider.<>c__DisplayClass53.<Url>b__52()
at FluentAutomation.BaseCommandProvider.<>c__DisplayClass9.<WaitUntil>b__8()
]]></stack-trace>
                        </failure>
                      </test-case>
                      <test-case name="TestProj.Tests.Activation.Activation.ActivationFormFieldValidation" description="ActivationFormFieldValidation" executed="True" result="Error" success="False" time="5.621" asserts="0">
                        <properties>
                          <property name="Repeat" value="1" />
                        </properties>
                        <failure>
                          <message><![CDATA[FluentAutomation.Exceptions.FluentException : Conditional wait passed the timeout [5000ms] for expression [ => Invoke(value(FluentAutomation.BaseCommandProvider+<>c__DisplayClass0).action)]. See InnerException for details of the last FluentException thrown.
  ----> FluentAutomation.Exceptions.FluentAssertFailedException : Expected expression [ => ("E1-1-7 – Please complete all fields" == value(TestProj.Tests.Activation.ActivationActions+<>c__DisplayClass8).errorMessage.Element.Text)] to return true.]]></message>
                          <stack-trace><![CDATA[at DynamicModule.ns.Wrapped_IActivationActions_e2c181725173461c9f60ae03b6eec1a4.TestMandatoryFields(Browser browserInstance, ElementProxy msisdn, ElementProxy username, ElementProxy activationNumber, ElementProxy userAlias, ElementProxy challengeAnswer, ElementProxy errorMessage)
at TestProj.Tests.Activation.Activation.ActivationFormFieldValidation() in c:\Users\bbdnet0518\Documents\GitHub\vodatest\Tests\Activation\Activation.cs:line 183
--FluentAssertFailedException
at FluentAutomation.AssertProvider.ReportError(String message, Object[] formatParams)
at FluentAutomation.AssertProvider.<>c__DisplayClass5f.<True>b__5e()
at FluentAutomation.BaseCommandProvider.<>c__DisplayClass9.<WaitUntil>b__8()
]]></stack-trace>
                        </failure>
                      </test-case>
                      <test-case name="TestProj.Tests.Activation.Activation.ActivationFormIncorrectUserDetails" description="ActivationFormIncorrectUserDetails" executed="True" result="Error" success="False" time="6.260" asserts="0">
                        <properties>
                          <property name="Repeat" value="1" />
                        </properties>
                        <failure>
                          <message><![CDATA[FluentAutomation.Exceptions.FluentException : Conditional wait passed the timeout [5000ms] for expression [ => Invoke(value(FluentAutomation.BaseCommandProvider+<>c__DisplayClass0).action)]. See InnerException for details of the last FluentException thrown.
  ----> FluentAutomation.Exceptions.FluentAssertFailedException : Expected expression [ => ("E1-1 -3 invalid input" == value(TestProj.Tests.Activation.ActivationActions+<>c__DisplayClass10).errorMessage.Element.Text)] to return true.]]></message>
                          <stack-trace><![CDATA[at DynamicModule.ns.Wrapped_IActivationActions_e2c181725173461c9f60ae03b6eec1a4.TestInvalidActivationKey(Browser browserInstance, ElementProxy msisdn, ElementProxy username, ElementProxy activationNumber, ElementProxy userAlias, ElementProxy nextButton, ElementProxy errorMessage)
at TestProj.Tests.Activation.Activation.ActivationFormIncorrectUserDetails() in c:\Users\bbdnet0518\Documents\GitHub\vodatest\Tests\Activation\Activation.cs:line 250
--FluentAssertFailedException
at FluentAutomation.AssertProvider.ReportError(String message, Object[] formatParams)
at FluentAutomation.AssertProvider.<>c__DisplayClass5f.<True>b__5e()
at FluentAutomation.BaseCommandProvider.<>c__DisplayClass9.<WaitUntil>b__8()
]]></stack-trace>
                        </failure>
                      </test-case>
                      <test-case name="TestProj.Tests.Activation.Activation.ActivationOneTimePinFieldValidation" description="ActivationOneTimePinFieldValidation" executed="True" result="Success" success="True" time="0.001" asserts="0">
                        <properties>
                          <property name="Repeat" value="1" />
                        </properties>
                      </test-case>
                      <test-case name="TestProj.Tests.Activation.Activation.CorrectOneTimePin" description="CorrectOneTimePin" executed="True" result="Success" success="True" time="0.001" asserts="0">
                        <properties>
                          <property name="Repeat" value="1" />
                        </properties>
                      </test-case>
                      <test-case name="TestProj.Tests.Activation.Activation.CorrectOneTimePinAndApplicationOffline" description="CorrectOneTimePinAndApplicationOffline" executed="True" result="Success" success="True" time="0.001" asserts="0">
                        <properties>
                          <property name="Repeat" value="1" />
                        </properties>
                      </test-case>
                      <test-case name="TestProj.Tests.Activation.Activation.IncorrectOneTimePin" description="IncorrectOneTimePin" executed="True" result="Success" success="True" time="0.001" asserts="0">
                        <properties>
                          <property name="Repeat" value="1" />
                        </properties>
                      </test-case>
                      <test-case name="TestProj.Tests.Activation.Activation.ResendOneTimePin" description="ResendOneTimePin" executed="True" result="Success" success="True" time="0.001" asserts="0">
                        <properties>
                          <property name="Repeat" value="1" />
                        </properties>
                      </test-case>
                      <test-case name="TestProj.Tests.Activation.Activation.SetupCatalogueLandingPage" description="SetupCatalogueLandingPage" executed="True" result="Success" success="True" time="0.001" asserts="0">
                        <properties>
                          <property name="Repeat" value="1" />
                        </properties>
                      </test-case>
                      <test-case name="TestProj.Tests.Activation.Activation.SetupCatalogueLandingPageInterruptions" description="SetupCatalogueLandingPageInterruptions" executed="True" result="Success" success="True" time="0.001" asserts="0">
                        <properties>
                          <property name="Repeat" value="1" />
                        </properties>
                      </test-case>
                      <test-case name="TestProj.Tests.Activation.Activation.SetupCatalogueOnDeviceGEOLocationService" description="SetupCatalogueOnDeviceGEOLocationService" executed="True" result="Success" success="True" time="0.001" asserts="0">
                        <properties>
                          <property name="Repeat" value="1" />
                        </properties>
                      </test-case>
                      <test-case name="TestProj.Tests.Activation.Activation.SetupCatalogueSearchFieldAutoComplete" description="SetupCatalogueSearchFieldAutoComplete" executed="True" result="Success" success="True" time="0.001" asserts="0">
                        <properties>
                          <property name="Repeat" value="1" />
                        </properties>
                      </test-case>
                      <test-case name="TestProj.Tests.Activation.Activation.SetupCatalogueSearchFieldReturningNoResults" description="SetupCatalogueSearchFieldReturningNoResults" executed="True" result="Success" success="True" time="0.001" asserts="0">
                        <properties>
                          <property name="Repeat" value="1" />
                        </properties>
                      </test-case>
                      <test-case name="TestProj.Tests.Activation.Activation.SetupCatalogueSearchFieldReturningOneOrMultipleResults" description="SetupCatalogueSearchFieldReturningOneOrMultipleResults" executed="True" result="Success" success="True" time="0.001" asserts="0">
                        <properties>
                          <property name="Repeat" value="1" />
                        </properties>
                      </test-case>
                      <test-case name="TestProj.Tests.Activation.Activation.SetupCatalogueValidations" description="SetupCatalogueValidations" executed="True" result="Success" success="True" time="0.001" asserts="0">
                        <properties>
                          <property name="Repeat" value="1" />
                        </properties>
                      </test-case>
                      <test-case name="TestProj.Tests.Activation.Activation.VerifyActivationLandingPage" description="VerifyActivationLandingPage" executed="True" result="Success" success="True" time="0.846" asserts="0">
                        <properties>
                          <property name="Repeat" value="1" />
                        </properties>
                      </test-case>
                      <test-case name="TestProj.Tests.Activation.Activation.VerifyActivationOneTimePinLandingPage" description="VerifyActivationOneTimePinLandingPage" executed="True" result="Error" success="False" time="0.439" asserts="0">
                        <properties>
                          <property name="Repeat" value="1" />
                        </properties>
                        <failure>
                          <message><![CDATA[FluentAutomation.Exceptions.FluentElementNotFoundException : Unable to find element with selector [#msisdn]]]></message>
                          <stack-trace><![CDATA[at DynamicModule.ns.Wrapped_IActivationActions_e2c181725173461c9f60ae03b6eec1a4.VerifyOTPErrorMessage(Browser browserInstance, ElementProxy msisdn)
at TestProj.Tests.Activation.Activation.VerifyActivationOneTimePinLandingPage() in c:\Users\bbdnet0518\Documents\GitHub\vodatest\Tests\Activation\Activation.cs:line 347
]]></stack-trace>
                        </failure>
                      </test-case>
                    </results>
                  </test-suite>
                </results>
              </test-suite>
              <test-suite type="Namespace" name="GeneralApplicationNavigation" executed="True" result="Success" success="True" time="19.932" asserts="0">
                <results>
                  <test-suite type="TestFixture" name="GeneralApplicationNavigation" description="GeneralApplicationNavigation" executed="True" result="Success" success="True" time="19.931" asserts="0">
                    <categories>
                      <category name="GeneralApplicationNavigation" />
                    </categories>
                    <results>
                      <test-case name="TestProj.Tests.GeneralApplicationNavigation.GeneralApplicationNavigation.GridviewSearchOfflineOnline" description="GridviewSearchOfflineOnline" executed="True" result="Success" success="True" time="2.854" asserts="0">
                        <properties>
                          <property name="Repeat" value="1" />
                        </properties>
                      </test-case>
                      <test-case name="TestProj.Tests.GeneralApplicationNavigation.GeneralApplicationNavigation.Method" description="Method" executed="True" result="Success" success="True" time="0.001" asserts="0">
                        <properties>
                          <property name="Repeat" value="1" />
                        </properties>
                      </test-case>
                      <test-case name="TestProj.Tests.GeneralApplicationNavigation.GeneralApplicationNavigation.SearchFieldValidations" description="SearchFieldValidations" executed="True" result="Success" success="True" time="0.001" asserts="0">
                        <properties>
                          <property name="Repeat" value="1" />
                        </properties>
                      </test-case>
                    </results>
                  </test-suite>
                </results>
              </test-suite>
            </results>
          </test-suite>
        </results>
      </test-suite>
    </results>
  </test-suite>
</test-results>