<?xml version="1.0" encoding="utf-8" standalone="no"?>
<!--This file represents the results of running a test suite-->
<test-results name="C:\Users\bbdnet0518\Documents\GitHub\vodatest\bin\Debug\TestProj.dll" total="1" errors="1" failures="0" not-run="0" inconclusive="0" ignored="0" skipped="0" invalid="0" date="2014-11-25" time="09:03:41">
  <environment nunit-version="2.6.3.13283" clr-version="2.0.50727.8009" os-version="Microsoft Windows NT 6.2.9200.0" platform="Win32NT" cwd="C:\Program Files (x86)\NUnit 2.6.3\bin" machine-name="TONYVDL" user="bbdnet0518" user-domain="BBDNET" />
  <culture-info current-culture="en-ZA" current-uiculture="en-US" />
  <test-suite type="Assembly" name="C:\Users\bbdnet0518\Documents\GitHub\vodatest\bin\Debug\TestProj.dll" executed="True" result="Failure" success="False" time="73.127" asserts="0">
    <results>
      <test-suite type="Namespace" name="TestProj" executed="True" result="Failure" success="False" time="73.106" asserts="0">
        <results>
          <test-suite type="TestFixture" name="TestRunner" description="Test runner" executed="True" result="Failure" success="False" time="73.102" asserts="0">
            <categories>
              <category name="Contains all test classes" />
            </categories>
            <results>
              <test-case name="TestProj.TestRunner.ActivationTests" description="ActivationTests" executed="True" result="Error" success="False" time="47.137" asserts="0">
                <properties>
                  <property name="Repeat" value="1" />
                </properties>
                <failure>
                  <message><![CDATA[FluentAutomation.Exceptions.FluentException : Conditional wait passed the timeout [5000ms] for expression [ => Invoke(value(FluentAutomation.BaseCommandProvider+<>c__DisplayClass0).action)]. See InnerException for details of the last FluentException thrown.
  ----> FluentAutomation.Exceptions.FluentAssertFailedException : Expected expression [ => ("07@" == value(TestProj.Tests.Activation.Activation+<>c__DisplayClass0).msisdn.Element.Text)] to return false.]]></message>
                  <stack-trace><![CDATA[at DynamicModule.ns.Wrapped_I_1_FRS_Ref_6_1_1_2ec851e01d2c4a4e8a836197947df02f._2_ActivationForm(Browser browserInstance)
at TestProj.TestRunner.ActivationTests() in c:\Users\bbdnet0518\Documents\GitHub\vodatest\TestRunner.cs:line 67
--FluentAssertFailedException
at FluentAutomation.AssertProvider.ReportError(String message, Object[] formatParams)
at FluentAutomation.AssertProvider.<>c__DisplayClass62.<False>b__61()
at FluentAutomation.BaseCommandProvider.<>c__DisplayClass9.<WaitUntil>b__8()
]]></stack-trace>
                </failure>
              </test-case>
            </results>
          </test-suite>
        </results>
      </test-suite>
    </results>
  </test-suite>
</test-results>