<?xml version="1.0" encoding="utf-8" standalone="no"?>
<!--This file represents the results of running a test suite-->
<test-results name="C:\Users\bbdnet0518\Documents\GitHub\vodatest\bin\Debug\TestProj.dll" total="1" errors="1" failures="0" not-run="0" inconclusive="0" ignored="0" skipped="0" invalid="0" date="2014-11-26" time="22:46:38">
  <environment nunit-version="2.6.3.13283" clr-version="2.0.50727.8009" os-version="Microsoft Windows NT 6.2.9200.0" platform="Win32NT" cwd="C:\Program Files (x86)\NUnit 2.6.3\bin" machine-name="TONYVDL" user="bbdnet0518" user-domain="BBDNET" />
  <culture-info current-culture="en-ZA" current-uiculture="en-US" />
  <test-suite type="Assembly" name="C:\Users\bbdnet0518\Documents\GitHub\vodatest\bin\Debug\TestProj.dll" executed="True" result="Failure" success="False" time="43.713" asserts="0">
    <results>
      <test-suite type="Namespace" name="TestProj" executed="True" result="Failure" success="False" time="43.693" asserts="0">
        <results>
          <test-suite type="Namespace" name="Tests" executed="True" result="Failure" success="False" time="43.693" asserts="0">
            <results>
              <test-suite type="Namespace" name="Activation" executed="True" result="Failure" success="False" time="43.692" asserts="0">
                <results>
                  <test-suite type="TestFixture" name="Activation" description="Activation" executed="True" result="Failure" success="False" time="43.689" asserts="0">
                    <categories>
                      <category name="Activation" />
                    </categories>
                    <results>
                      <test-case name="TestProj.Tests.Activation.Activation._07_CorrectOneTimePinAndApplicationOffline" description="_07_CorrectOneTimePinAndApplicationOffline" executed="True" result="Error" success="False" time="21.454" asserts="0">
                        <categories>
                          <category name="Verify_user(OTP)" />
                        </categories>
                        <properties>
                          <property name="Repeat" value="1" />
                        </properties>
                        <failure>
                          <message><![CDATA[FluentAutomation.Exceptions.FluentException : Conditional wait passed the timeout [5000ms] for expression [ => Invoke(value(FluentAutomation.BaseCommandProvider+<>c__DisplayClass0).action)]. See InnerException for details of the last FluentException thrown.
  ----> FluentAutomation.Exceptions.FluentAssertFailedException : Expected element [body > div:nth-child(1) > div > div > ng-include > div > div > div.statusElements.left > div.topRow > div > div] to include CSS class [offline] but current class attribute is [statusDisplay online ng-binding].]]></message>
                          <stack-trace><![CDATA[at FluentAutomation.BaseCommandProvider.<>c__DisplayClass9.<WaitUntil>b__8()
at FluentAutomation.BaseCommandProvider.Act(CommandType commandType, Action action)
at FluentAutomation.BaseCommandProvider.WaitUntil(Expression`1 conditionAction, TimeSpan timeout)
at FluentAutomation.BaseCommandProvider.Act(CommandType commandType, Action action)
at FluentAutomation.CommandProvider.FluentAutomation.Interfaces.ICommandProvider.Act(CommandType , Action )
at FluentAutomation.AssertProvider.CssClass(ElementProxy element, String className)
at FluentAutomation.AssertSyntaxProvider.AssertClassSyntaxProvider.On(ElementProxy element)
at TestProj.Tests.Activation.Activation._07_CorrectOneTimePinAndApplicationOffline() in c:\Users\bbdnet0518\Documents\GitHub\vodatest\Tests\Activation\Activation.cs:line 416
--FluentAssertFailedException
at FluentAutomation.AssertProvider.ReportError(String message, Object[] formatParams)
at FluentAutomation.AssertProvider.<>c__DisplayClass15.<CssClass>b__14()
at FluentAutomation.BaseCommandProvider.<>c__DisplayClass9.<WaitUntil>b__8()
]]></stack-trace>
                        </failure>
                      </test-case>
                    </results>
                  </test-suite>
                </results>
              </test-suite>
            </results>
          </test-suite>
        </results>
      </test-suite>
    </results>
  </test-suite>
</test-results>