<?xml version="1.0" encoding="utf-8" standalone="no"?>
<!--This file represents the results of running a test suite-->
<test-results name="C:\Users\molefeq\Documents\GitHub\vodatest\bin\Debug\TestProj.dll" total="1" errors="0" failures="0" not-run="0" inconclusive="0" ignored="0" skipped="0" invalid="0" date="2015-01-23" time="15:29:32">
  <environment nunit-version="2.6.3.13283" clr-version="2.0.50727.8009" os-version="Microsoft Windows NT 6.2.9200.0" platform="Win32NT" cwd="C:\Program Files (x86)\NUnit 2.6.3\bin" machine-name="BBD-QM" user="molefeq" user-domain="VF-ROOT" />
  <culture-info current-culture="en-TT" current-uiculture="en-US" />
  <test-suite type="Assembly" name="C:\Users\molefeq\Documents\GitHub\vodatest\bin\Debug\TestProj.dll" executed="True" result="Success" success="True" time="65.903" asserts="0">
    <results>
      <test-suite type="Namespace" name="TestProj" executed="True" result="Success" success="True" time="65.883" asserts="0">
        <results>
          <test-suite type="Namespace" name="Tests" executed="True" result="Success" success="True" time="65.883" asserts="0">
            <results>
              <test-suite type="Namespace" name="Catalogues" executed="True" result="Success" success="True" time="65.879" asserts="0">
                <results>
                  <test-suite type="TestFixture" name="Catalogues" description="Catalogues" executed="True" result="Success" success="True" time="65.876" asserts="0">
                    <categories>
                      <category name="Catalogues" />
                    </categories>
                    <results>
                      <test-case name="TestProj.Tests.Catalogues.Catalogues._02_CatalogueLandingPage" description="_02_CatalogueLandingPage" executed="True" result="Success" success="True" time="8.597" asserts="0">
                        <categories>
                          <category name="Catalogues" />
                        </categories>
                        <properties>
                          <property name="Repeat" value="1" />
                        </properties>
                      </test-case>
                    </results>
                  </test-suite>
                </results>
              </test-suite>
            </results>
          </test-suite>
        </results>
      </test-suite>
    </results>
  </test-suite>
</test-results>