<?xml version="1.0" encoding="utf-8" standalone="no"?>
<!--This file represents the results of running a test suite-->
<test-results name="C:\Users\bbdnet0518\Documents\GitHub\vodatest\bin\Debug\TestProj.dll" total="17" errors="5" failures="0" not-run="0" inconclusive="0" ignored="0" skipped="0" invalid="0" date="2014-11-26" time="14:32:17">
  <environment nunit-version="2.6.3.13283" clr-version="2.0.50727.8009" os-version="Microsoft Windows NT 6.2.9200.0" platform="Win32NT" cwd="C:\Program Files (x86)\NUnit 2.6.3\bin" machine-name="TONYVDL" user="bbdnet0518" user-domain="BBDNET" />
  <culture-info current-culture="en-ZA" current-uiculture="en-US" />
  <test-suite type="Assembly" name="C:\Users\bbdnet0518\Documents\GitHub\vodatest\bin\Debug\TestProj.dll" executed="True" result="Failure" success="False" time="65.072" asserts="0">
    <results>
      <test-suite type="Namespace" name="TestProj" executed="True" result="Failure" success="False" time="65.051" asserts="0">
        <results>
          <test-suite type="Namespace" name="Tests" executed="True" result="Failure" success="False" time="65.050" asserts="0">
            <results>
              <test-suite type="Namespace" name="Activation" executed="True" result="Failure" success="False" time="65.050" asserts="0">
                <results>
                  <test-suite type="TestFixture" name="Activation" description="Activation" executed="True" result="Failure" success="False" time="65.046" asserts="0">
                    <categories>
                      <category name="Activation" />
                    </categories>
                    <results>
                      <test-case name="TestProj.Tests.Activation.Activation._1_ActivationFormFieldValidation" description="_1_ActivationFormFieldValidation" executed="True" result="Error" success="False" time="19.301" asserts="0">
                        <properties>
                          <property name="Repeat" value="1" />
                        </properties>
                        <failure>
                          <message><![CDATA[FluentAutomation.Exceptions.FluentException : Conditional wait passed the timeout [5000ms] for expression [ => Invoke(value(FluentAutomation.BaseCommandProvider+<>c__DisplayClass0).action)]. See InnerException for details of the last FluentException thrown.
  ----> FluentAutomation.Exceptions.FluentAssertFailedException : Expected expression [ => ("E1-1-7 – Please complete all fields" == value(TestProj.Tests.Activation.ActivationActions+<>c__DisplayClass8).errorMessage.Element.Text)] to return true.]]></message>
                          <stack-trace><![CDATA[at DynamicModule.ns.Wrapped_IActivationActions_ed9e390823b047b9ae08bc9e5937a751.TestMandatoryFields(Browser browserInstance, ElementProxy msisdn, ElementProxy username, ElementProxy activationNumber, ElementProxy userAlias, ElementProxy challengeAnswer, ElementProxy errorMessage)
at TestProj.Tests.Activation.Activation._1_ActivationFormFieldValidation() in c:\Users\bbdnet0518\Documents\GitHub\vodatest\Tests\Activation\Activation.cs:line 197
--FluentAssertFailedException
at FluentAutomation.AssertProvider.ReportError(String message, Object[] formatParams)
at FluentAutomation.AssertProvider.<>c__DisplayClass5f.<True>b__5e()
at FluentAutomation.BaseCommandProvider.<>c__DisplayClass9.<WaitUntil>b__8()
]]></stack-trace>
                        </failure>
                      </test-case>
                      <test-case name="TestProj.Tests.Activation.Activation.ActivationFormCorrectUserDetails" description="ActivationFormCorrectUserDetails" executed="True" result="Error" success="False" time="6.254" asserts="0">
                        <properties>
                          <property name="Repeat" value="1" />
                        </properties>
                        <failure>
                          <message><![CDATA[FluentAutomation.Exceptions.FluentException : Conditional wait passed the timeout [5000ms] for expression [ => Invoke(value(FluentAutomation.BaseCommandProvider+<>c__DisplayClass0).action)]. See InnerException for details of the last FluentException thrown.
  ----> FluentAutomation.Exceptions.FluentAssertFailedException : Expected expression [ => (value(TestProj.Tests.Activation.ActivationActions+<>c__DisplayClass14).message == value(TestProj.Tests.Activation.ActivationActions+<>c__DisplayClass14).otpMessage.Element.Text)] to return true.]]></message>
                          <stack-trace><![CDATA[at DynamicModule.ns.Wrapped_IActivationActions_ed9e390823b047b9ae08bc9e5937a751.ValidateOTPStart(Browser browserInstance, String msisdnNo)
at TestProj.Tests.Activation.Activation.ActivationFormCorrectUserDetails() in c:\Users\bbdnet0518\Documents\GitHub\vodatest\Tests\Activation\Activation.cs:line 146
--FluentAssertFailedException
at FluentAutomation.AssertProvider.ReportError(String message, Object[] formatParams)
at FluentAutomation.AssertProvider.<>c__DisplayClass5f.<True>b__5e()
at FluentAutomation.BaseCommandProvider.<>c__DisplayClass9.<WaitUntil>b__8()
]]></stack-trace>
                        </failure>
                      </test-case>
                      <test-case name="TestProj.Tests.Activation.Activation.ActivationFormIncorrectUserDetails" description="ActivationFormIncorrectUserDetails" executed="True" result="Error" success="False" time="5.091" asserts="0">
                        <properties>
                          <property name="Repeat" value="1" />
                        </properties>
                        <failure>
                          <message><![CDATA[FluentAutomation.Exceptions.FluentException : Conditional wait passed the timeout [5000ms] for expression [ => Invoke(value(FluentAutomation.BaseCommandProvider+<>c__DisplayClass0).action)]. See InnerException for details of the last FluentException thrown.
  ----> FluentAutomation.Exceptions.FluentElementNotFoundException : Unable to find element with selector [#msisdn]]]></message>
                          <stack-trace><![CDATA[at DynamicModule.ns.Wrapped_IActivationActions_ed9e390823b047b9ae08bc9e5937a751.TestInvalidActivationKey(Browser browserInstance, ElementProxy msisdn, ElementProxy username, ElementProxy activationNumber, ElementProxy userAlias, ElementProxy nextButton, ElementProxy errorMessage)
at TestProj.Tests.Activation.Activation.ActivationFormIncorrectUserDetails() in c:\Users\bbdnet0518\Documents\GitHub\vodatest\Tests\Activation\Activation.cs:line 264
--FluentElementNotFoundException
at FluentAutomation.CommandProvider.<>c__DisplayClass8.<Find>b__7()
at FluentAutomation.ElementProxy.get_Element()
at FluentAutomation.CommandProvider.<>c__DisplayClass36.<Focus>b__35()
at FluentAutomation.BaseCommandProvider.<>c__DisplayClass9.<WaitUntil>b__8()
]]></stack-trace>
                        </failure>
                      </test-case>
                      <test-case name="TestProj.Tests.Activation.Activation.ActivationOneTimePinFieldValidation" description="ActivationOneTimePinFieldValidation" executed="True" result="Success" success="True" time="0.000" asserts="0">
                        <properties>
                          <property name="Repeat" value="1" />
                        </properties>
                      </test-case>
                      <test-case name="TestProj.Tests.Activation.Activation.CorrectOneTimePin" description="CorrectOneTimePin" executed="True" result="Success" success="True" time="0.000" asserts="0">
                        <properties>
                          <property name="Repeat" value="1" />
                        </properties>
                      </test-case>
                      <test-case name="TestProj.Tests.Activation.Activation.CorrectOneTimePinAndApplicationOffline" description="CorrectOneTimePinAndApplicationOffline" executed="True" result="Success" success="True" time="0.574" asserts="0">
                        <properties>
                          <property name="Repeat" value="1" />
                        </properties>
                      </test-case>
                      <test-case name="TestProj.Tests.Activation.Activation.IncorrectOneTimePin" description="IncorrectOneTimePin" executed="True" result="Success" success="True" time="0.000" asserts="0">
                        <properties>
                          <property name="Repeat" value="1" />
                        </properties>
                      </test-case>
                      <test-case name="TestProj.Tests.Activation.Activation.ResendOneTimePin" description="ResendOneTimePin" executed="True" result="Success" success="True" time="0.000" asserts="0">
                        <properties>
                          <property name="Repeat" value="1" />
                        </properties>
                      </test-case>
                      <test-case name="TestProj.Tests.Activation.Activation.SetupCatalogueLandingPage" description="SetupCatalogueLandingPage" executed="True" result="Success" success="True" time="0.000" asserts="0">
                        <properties>
                          <property name="Repeat" value="1" />
                        </properties>
                      </test-case>
                      <test-case name="TestProj.Tests.Activation.Activation.SetupCatalogueLandingPageInterruptions" description="SetupCatalogueLandingPageInterruptions" executed="True" result="Success" success="True" time="0.001" asserts="0">
                        <properties>
                          <property name="Repeat" value="1" />
                        </properties>
                      </test-case>
                      <test-case name="TestProj.Tests.Activation.Activation.SetupCatalogueOnDeviceGEOLocationService" description="SetupCatalogueOnDeviceGEOLocationService" executed="True" result="Success" success="True" time="0.000" asserts="0">
                        <properties>
                          <property name="Repeat" value="1" />
                        </properties>
                      </test-case>
                      <test-case name="TestProj.Tests.Activation.Activation.SetupCatalogueSearchFieldAutoComplete" description="SetupCatalogueSearchFieldAutoComplete" executed="True" result="Success" success="True" time="0.000" asserts="0">
                        <properties>
                          <property name="Repeat" value="1" />
                        </properties>
                      </test-case>
                      <test-case name="TestProj.Tests.Activation.Activation.SetupCatalogueSearchFieldReturningNoResults" description="SetupCatalogueSearchFieldReturningNoResults" executed="True" result="Success" success="True" time="0.000" asserts="0">
                        <properties>
                          <property name="Repeat" value="1" />
                        </properties>
                      </test-case>
                      <test-case name="TestProj.Tests.Activation.Activation.SetupCatalogueSearchFieldReturningOneOrMultipleResults" description="SetupCatalogueSearchFieldReturningOneOrMultipleResults" executed="True" result="Success" success="True" time="0.000" asserts="0">
                        <properties>
                          <property name="Repeat" value="1" />
                        </properties>
                      </test-case>
                      <test-case name="TestProj.Tests.Activation.Activation.SetupCatalogueValidations" description="SetupCatalogueValidations" executed="True" result="Success" success="True" time="0.000" asserts="0">
                        <properties>
                          <property name="Repeat" value="1" />
                        </properties>
                      </test-case>
                      <test-case name="TestProj.Tests.Activation.Activation.VerifyActivationLandingPage" description="VerifyActivationLandingPage" executed="True" result="Error" success="False" time="6.124" asserts="0">
                        <properties>
                          <property name="Repeat" value="1" />
                        </properties>
                        <failure>
                          <message><![CDATA[FluentAutomation.Exceptions.FluentException : Conditional wait passed the timeout [5000ms] for expression [ => Invoke(value(FluentAutomation.BaseCommandProvider+<>c__DisplayClass0).action)]. See InnerException for details of the last FluentException thrown.
  ----> FluentAutomation.Exceptions.FluentAssertFailedException : Expected element matching selector [body > div:nth-child(2) > div > div.activationContentMiddle > form > div:nth-child(8) > div > input] to exist.]]></message>
                          <stack-trace><![CDATA[at DynamicModule.ns.Wrapped_IActivationActions_ed9e390823b047b9ae08bc9e5937a751.VerifyActivationPageNextButton(Browser browserInstance)
at TestProj.Tests.Activation.Activation.VerifyActivationLandingPage() in c:\Users\bbdnet0518\Documents\GitHub\vodatest\Tests\Activation\Activation.cs:line 307
--FluentAssertFailedException
at FluentAutomation.AssertProvider.ReportError(String message, Object[] formatParams)
at FluentAutomation.AssertProvider.<>c__DisplayClass6b.<Exists>b__6a()
at FluentAutomation.BaseCommandProvider.<>c__DisplayClass9.<WaitUntil>b__8()
]]></stack-trace>
                        </failure>
                      </test-case>
                      <test-case name="TestProj.Tests.Activation.Activation.VerifyActivationOneTimePinLandingPage" description="VerifyActivationOneTimePinLandingPage" executed="True" result="Error" success="False" time="0.305" asserts="0">
                        <properties>
                          <property name="Repeat" value="1" />
                        </properties>
                        <failure>
                          <message><![CDATA[FluentAutomation.Exceptions.FluentElementNotFoundException : Unable to find element with selector [#msisdn]]]></message>
                          <stack-trace><![CDATA[at FluentAutomation.CommandProvider.<>c__DisplayClass8.<Find>b__7()
at FluentAutomation.ElementProxy.get_Element()
at TestProj.Tests.Activation.Activation.VerifyActivationOneTimePinLandingPage() in c:\Users\bbdnet0518\Documents\GitHub\vodatest\Tests\Activation\Activation.cs:line 361
]]></stack-trace>
                        </failure>
                      </test-case>
                    </results>
                  </test-suite>
                </results>
              </test-suite>
            </results>
          </test-suite>
        </results>
      </test-suite>
    </results>
  </test-suite>
</test-results>